TN:
SF:livetemplate-client.js
FN:11,(anonymous_0)
FN:21,(anonymous_1)
FN:22,(anonymous_2)
FN:23,(anonymous_3)
FN:27,(anonymous_4)
FN:33,(anonymous_5)
FN:47,(anonymous_6)
FN:48,(anonymous_7)
FN:54,(anonymous_8)
FN:63,(anonymous_9)
FN:68,(anonymous_10)
FN:79,(anonymous_11)
FN:82,(anonymous_12)
FN:84,(anonymous_13)
FN:93,(anonymous_14)
FN:156,(anonymous_15)
FN:167,(anonymous_16)
FN:192,(anonymous_17)
FN:211,(anonymous_18)
FN:253,(anonymous_19)
FN:273,(anonymous_20)
FN:288,(anonymous_21)
FN:300,(anonymous_22)
FN:319,(anonymous_23)
FN:330,(anonymous_24)
FN:337,(anonymous_25)
FN:347,autoInit
FN:354,initLiveTemplate
FN:370,(anonymous_28)
FN:371,(anonymous_29)
FN:381,(anonymous_30)
FNF:31
FNH:14
FNDA:29,(anonymous_0)
FNDA:0,(anonymous_1)
FNDA:0,(anonymous_2)
FNDA:0,(anonymous_3)
FNDA:28,(anonymous_4)
FNDA:8,(anonymous_5)
FNDA:7,(anonymous_6)
FNDA:0,(anonymous_7)
FNDA:0,(anonymous_8)
FNDA:0,(anonymous_9)
FNDA:0,(anonymous_10)
FNDA:3,(anonymous_11)
FNDA:2,(anonymous_12)
FNDA:7,(anonymous_13)
FNDA:2,(anonymous_14)
FNDA:6,(anonymous_15)
FNDA:5,(anonymous_16)
FNDA:0,(anonymous_17)
FNDA:0,(anonymous_18)
FNDA:0,(anonymous_19)
FNDA:0,(anonymous_20)
FNDA:0,(anonymous_21)
FNDA:4,(anonymous_22)
FNDA:0,(anonymous_23)
FNDA:0,(anonymous_24)
FNDA:3,(anonymous_25)
FNDA:1,autoInit
FNDA:1,initLiveTemplate
FNDA:0,(anonymous_28)
FNDA:0,(anonymous_29)
FNDA:0,(anonymous_30)
DA:12,29
DA:13,29
DA:14,29
DA:15,29
DA:16,29
DA:17,29
DA:18,29
DA:21,29
DA:22,29
DA:23,29
DA:24,29
DA:28,28
DA:29,28
DA:30,28
DA:34,8
DA:35,1
DA:36,1
DA:39,7
DA:40,7
DA:42,7
DA:43,7
DA:44,7
DA:48,7
DA:49,0
DA:50,0
DA:51,0
DA:54,7
DA:55,0
DA:56,0
DA:58,0
DA:59,0
DA:63,7
DA:64,0
DA:65,0
DA:68,7
DA:69,0
DA:70,0
DA:71,0
DA:72,0
DA:74,0
DA:81,3
DA:82,2
DA:84,3
DA:85,7
DA:86,7
DA:88,1
DA:95,2
DA:96,2
DA:98,1
DA:99,0
DA:101,1
DA:104,2
DA:105,1
DA:106,1
DA:109,1
DA:110,1
DA:111,1
DA:114,0
DA:117,0
DA:118,0
DA:119,0
DA:123,0
DA:126,0
DA:128,0
DA:129,0
DA:130,0
DA:134,0
DA:136,0
DA:137,0
DA:138,0
DA:139,0
DA:140,0
DA:141,0
DA:142,0
DA:143,0
DA:147,0
DA:151,0
DA:152,0
DA:158,6
DA:159,1
DA:160,1
DA:164,5
DA:167,5
DA:168,5
DA:171,5
DA:172,1
DA:176,4
DA:177,4
DA:178,10
DA:181,10
DA:182,6
DA:183,6
DA:184,5
DA:189,4
DA:194,0
DA:195,0
DA:196,0
DA:197,0
DA:201,0
DA:202,0
DA:204,0
DA:205,0
DA:206,0
DA:207,0
DA:208,0
DA:209,0
DA:211,0
DA:212,0
DA:216,0
DA:220,0
DA:221,0
DA:222,0
DA:225,0
DA:226,0
DA:229,0
DA:230,0
DA:231,0
DA:234,0
DA:242,0
DA:243,0
DA:252,0
DA:255,0
DA:256,0
DA:257,0
DA:258,0
DA:262,0
DA:263,0
DA:265,0
DA:272,0
DA:273,0
DA:274,0
DA:275,0
DA:276,0
DA:277,0
DA:282,0
DA:283,0
DA:284,0
DA:285,0
DA:288,0
DA:289,0
DA:290,0
DA:291,0
DA:292,0
DA:297,0
DA:301,4
DA:302,1
DA:303,1
DA:307,3
DA:308,3
DA:314,3
DA:315,3
DA:316,3
DA:320,0
DA:321,0
DA:322,0
DA:325,0
DA:326,0
DA:328,0
DA:330,0
DA:331,0
DA:332,0
DA:338,3
DA:339,1
DA:340,1
DA:342,3
DA:349,1
DA:350,0
DA:356,1
DA:357,1
DA:358,1
DA:359,1
DA:362,0
DA:363,0
DA:364,0
DA:365,0
DA:369,0
DA:370,0
DA:371,0
DA:375,0
DA:378,0
DA:381,0
DA:382,0
DA:383,0
DA:384,0
DA:386,0
DA:389,0
DA:390,0
DA:391,0
DA:392,0
DA:393,0
DA:394,0
DA:396,0
DA:401,0
DA:402,0
DA:403,0
DA:404,0
DA:406,0
DA:407,0
DA:408,0
DA:409,0
DA:410,0
DA:412,0
DA:416,0
DA:417,0
DA:419,0
DA:421,0
DA:425,0
DA:429,0
DA:433,1
DA:434,0
DA:437,1
DA:442,1
DA:443,1
DA:446,1
LF:214
LH:80
BRDA:11,0,0,28
BRDA:12,1,0,29
BRDA:12,1,1,28
BRDA:17,2,0,29
BRDA:17,2,1,28
BRDA:18,3,0,29
BRDA:18,3,1,28
BRDA:21,4,0,29
BRDA:21,4,1,28
BRDA:22,5,0,29
BRDA:22,5,1,28
BRDA:23,6,0,29
BRDA:23,6,1,28
BRDA:24,7,0,29
BRDA:24,7,1,28
BRDA:28,8,0,0
BRDA:28,8,1,28
BRDA:34,9,0,1
BRDA:34,9,1,7
BRDA:34,10,0,8
BRDA:34,10,1,1
BRDA:58,11,0,0
BRDA:58,11,1,0
BRDA:81,12,0,2
BRDA:81,12,1,1
BRDA:96,13,0,1
BRDA:96,13,1,1
BRDA:98,14,0,0
BRDA:98,14,1,1
BRDA:104,15,0,1
BRDA:104,15,1,1
BRDA:109,16,0,1
BRDA:109,16,1,0
BRDA:109,17,0,1
BRDA:109,17,1,1
BRDA:117,18,0,0
BRDA:117,18,1,0
BRDA:117,19,0,0
BRDA:117,19,1,0
BRDA:123,20,0,0
BRDA:123,20,1,0
BRDA:128,21,0,0
BRDA:128,21,1,0
BRDA:134,22,0,0
BRDA:134,22,1,0
BRDA:134,23,0,0
BRDA:134,23,1,0
BRDA:134,23,2,0
BRDA:134,23,3,0
BRDA:134,23,4,0
BRDA:139,24,0,0
BRDA:139,24,1,0
BRDA:140,25,0,0
BRDA:140,25,1,0
BRDA:151,26,0,0
BRDA:151,26,1,0
BRDA:158,27,0,1
BRDA:158,27,1,5
BRDA:158,28,0,6
BRDA:158,28,1,2
BRDA:158,28,2,1
BRDA:164,29,0,5
BRDA:164,29,1,4
BRDA:168,30,0,5
BRDA:168,30,1,4
BRDA:168,30,2,4
BRDA:168,30,3,4
BRDA:171,31,0,1
BRDA:171,31,1,4
BRDA:181,32,0,6
BRDA:181,32,1,4
BRDA:183,33,0,5
BRDA:183,33,1,1
BRDA:194,34,0,0
BRDA:194,34,1,0
BRDA:195,35,0,0
BRDA:195,35,1,0
BRDA:202,36,0,0
BRDA:202,36,1,0
BRDA:205,37,0,0
BRDA:205,37,1,0
BRDA:209,38,0,0
BRDA:209,38,1,0
BRDA:225,39,0,0
BRDA:225,39,1,0
BRDA:229,40,0,0
BRDA:229,40,1,0
BRDA:235,41,0,0
BRDA:235,41,1,0
BRDA:236,42,0,0
BRDA:236,42,1,0
BRDA:237,43,0,0
BRDA:237,43,1,0
BRDA:238,44,0,0
BRDA:238,44,1,0
BRDA:242,45,0,0
BRDA:242,45,1,0
BRDA:245,46,0,0
BRDA:245,46,1,0
BRDA:246,47,0,0
BRDA:246,47,1,0
BRDA:255,48,0,0
BRDA:255,48,1,0
BRDA:256,49,0,0
BRDA:256,49,1,0
BRDA:257,50,0,0
BRDA:257,50,1,0
BRDA:262,51,0,0
BRDA:262,51,1,0
BRDA:274,52,0,0
BRDA:274,52,1,0
BRDA:275,53,0,0
BRDA:275,53,1,0
BRDA:282,54,0,0
BRDA:282,54,1,0
BRDA:283,55,0,0
BRDA:283,55,1,0
BRDA:290,56,0,0
BRDA:290,56,1,0
BRDA:291,57,0,0
BRDA:291,57,1,0
BRDA:300,58,0,3
BRDA:301,59,0,1
BRDA:301,59,1,3
BRDA:301,60,0,4
BRDA:301,60,1,4
BRDA:320,61,0,0
BRDA:320,61,1,0
BRDA:331,62,0,0
BRDA:331,62,1,0
BRDA:338,63,0,1
BRDA:338,63,1,2
BRDA:349,64,0,0
BRDA:349,64,1,1
BRDA:349,65,0,1
BRDA:349,65,1,1
BRDA:357,66,0,1
BRDA:357,66,1,0
BRDA:363,67,0,0
BRDA:363,67,1,0
BRDA:383,68,0,0
BRDA:383,68,1,0
BRDA:390,69,0,0
BRDA:390,69,1,0
BRDA:402,70,0,0
BRDA:402,70,1,0
BRDA:404,71,0,0
BRDA:404,71,1,0
BRDA:407,72,0,0
BRDA:407,72,1,0
BRDA:407,73,0,0
BRDA:407,73,1,0
BRDA:409,74,0,0
BRDA:409,74,1,0
BRDA:412,75,0,0
BRDA:412,75,1,0
BRDA:412,75,2,0
BRDA:416,76,0,0
BRDA:416,76,1,0
BRDA:433,77,0,0
BRDA:433,77,1,1
BRDA:442,78,0,1
BRDA:442,78,1,0
BRF:163
BRH:60
end_of_record
